\BOOKMARK [1][-]{section*.2}{\376\377\000I\000n\000t\000r\000o\000d\000u\000c\000t\000i\000o\000n}{}% 1
\BOOKMARK [1][-]{section.1}{\376\377\000M\000i\000s\000e\000\040\000e\000n\000\040\000p\000l\000a\000c\000e\000\040\000d\000u\000\040\000p\000r\000o\000b\000l\000\350\000m\000e}{}% 2
\BOOKMARK [2][-]{subsection.1.1}{\376\377\000C\000a\000d\000r\000e\000\040\000g\000\351\000n\000\351\000r\000a\000l}{section.1}% 3
\BOOKMARK [2][-]{subsection.1.2}{\376\377\000C\000a\000s\000\040\000d\000'\000a\000p\000p\000l\000i\000c\000a\000t\000i\000o\000n}{section.1}% 4
\BOOKMARK [3][-]{subsubsection.1.2.1}{\376\377\000C\000a\000s\000\040\0001\000\040\000:\000\040\000t\000r\000a\000n\000s\000l\000a\000t\000i\000o\000n\000s\000\040\000e\000n\000\040\0001\000D}{subsection.1.2}% 5
\BOOKMARK [3][-]{subsubsection.1.2.2}{\376\377\000C\000a\000s\000\040\0002\000\040\000:\000\040\000r\000o\000t\000a\000t\000i\000o\000n\000s\000\040\000e\000t\000\040\000p\000r\000o\000j\000e\000c\000t\000i\000o\000n\000s\000\040\000e\000n\000\040\0002\000D}{subsection.1.2}% 6
\BOOKMARK [2][-]{subsection.1.3}{\376\377\000S\000i\000m\000u\000l\000a\000t\000i\000o\000n\000\040\000d\000e\000s\000\040\000d\000o\000n\000n\000\351\000e\000s\000\040\000e\000t\000\040\000p\000r\000e\000m\000i\000\350\000r\000e\000s\000\040\000o\000b\000s\000e\000r\000v\000a\000t\000i\000o\000n\000s\000\040\000n\000u\000m\000\351\000r\000i\000q\000u\000e\000s}{section.1}% 7
\BOOKMARK [1][-]{section.2}{\376\377\000C\000a\000s\000\040\000d\000e\000\040\000r\000\351\000f\000\351\000r\000e\000n\000c\000e\000\040\000:\000\040\000l\000e\000\040\000m\000o\000d\000\350\000l\000e\000\040\000s\000a\000n\000s\000\040\000v\000a\000r\000i\000a\000b\000l\000e\000s\000\040\000c\000a\000c\000h\000\351\000e\000s}{}% 8
\BOOKMARK [2][-]{subsection.2.1}{\376\377\000M\000o\000d\000\350\000l\000e\000\040\000s\000i\000m\000p\000l\000i\000f\000i\000\351\000\040\000e\000t\000\040\000e\000s\000t\000i\000m\000a\000t\000e\000u\000r\000\040\000d\000u\000\040\000m\000a\000x\000i\000m\000u\000m\000\040\000d\000e\000\040\000v\000r\000a\000i\000s\000e\000m\000b\000l\000a\000n\000c\000e}{section.2}% 9
\BOOKMARK [2][-]{subsection.2.2}{\376\377\000C\000o\000n\000v\000e\000x\000i\000t\000\351\000\040\000e\000t\000\040\000r\000\351\000s\000o\000l\000u\000t\000i\000o\000n\000\040\000e\000x\000a\000c\000t\000e}{section.2}% 10
\BOOKMARK [2][-]{subsection.2.3}{\376\377\000A\000n\000a\000l\000y\000s\000e\000\040\000d\000e\000\040\000l\000'\000e\000r\000r\000e\000u\000r\000\040\000d\000'\000e\000s\000t\000i\000m\000a\000t\000i\000o\000n}{section.2}% 11
\BOOKMARK [2][-]{subsection.2.4}{\376\377\000C\000e\000\040\000q\000u\000e\000\040\000c\000e\000\040\000c\000a\000s\000\040\000e\000n\000s\000e\000i\000g\000n\000e\000\040\000s\000u\000r\000\040\000l\000e\000\040\000c\000a\000s\000\040\000g\000\351\000n\000\351\000r\000a\000l}{section.2}% 12
\BOOKMARK [1][-]{section.3}{\376\377\000F\000o\000r\000m\000u\000l\000a\000t\000i\000o\000n\000\040\000v\000a\000r\000i\000a\000t\000i\000o\000n\000n\000e\000l\000l\000e\000\040\000e\000t\000\040\000m\000a\000x\000i\000m\000u\000m\000\040\000d\000e\000\040\000v\000r\000a\000i\000s\000e\000m\000b\000l\000a\000n\000c\000e}{}% 13
\BOOKMARK [2][-]{subsection.3.1}{\376\377\000D\000e\000n\000s\000i\000t\000\351\000\040\000d\000u\000\040\000c\000o\000u\000p\000l\000e\000\040\000\050\000Y\000,\000Z\000\051\000\040\000e\000t\000\040\000v\000r\000a\000i\000s\000e\000m\000b\000l\000a\000n\000c\000e\000\040\000m\000a\000r\000g\000i\000n\000a\000l\000e}{section.3}% 14
\BOOKMARK [2][-]{subsection.3.2}{\376\377\000P\000r\000o\000p\000r\000i\000\351\000t\000\351\000s\000\040\000a\000n\000a\000l\000y\000t\000i\000q\000u\000e\000s\000\040\000d\000e\000\040\000l\000a\000\040\000l\000o\000g\000-\000v\000r\000a\000i\000s\000e\000m\000b\000l\000a\000n\000c\000e}{section.3}% 15
\BOOKMARK [2][-]{subsection.3.3}{\376\377\000I\000d\000e\000n\000t\000i\000f\000i\000a\000b\000i\000l\000i\000t\000\351\000\040\000e\000t\000\040\000c\000h\000o\000i\000x\000\040\000d\000'\000u\000n\000e\000\040\000m\000\351\000t\000r\000i\000q\000u\000e\000\040\000a\000d\000a\000p\000t\000\351\000e}{section.3}% 16
\BOOKMARK [1][-]{section.4}{\376\377\000R\000\351\000s\000o\000l\000u\000t\000i\000o\000n\000\040\000d\000u\000\040\000p\000r\000o\000b\000l\000\350\000m\000e\000\040\000d\000'\000o\000p\000t\000i\000m\000i\000s\000a\000t\000i\000o\000n}{}% 17
\BOOKMARK [2][-]{subsection.4.1}{\376\377\000D\000e\000s\000c\000e\000n\000t\000e\000\040\000d\000e\000\040\000g\000r\000a\000d\000i\000e\000n\000t\000\040\000d\000i\000r\000e\000c\000t\000e}{section.4}% 18
\BOOKMARK [3][-]{subsubsection.4.1.1}{\376\377\000R\000a\000p\000p\000e\000l\000\040\000d\000u\000\040\000g\000r\000a\000d\000i\000e\000n\000t}{subsection.4.1}% 19
\BOOKMARK [3][-]{subsubsection.4.1.2}{\376\377\000I\000t\000\351\000r\000a\000t\000i\000o\000n\000\040\000e\000t\000\040\000c\000h\000o\000i\000x\000\040\000d\000u\000\040\000p\000a\000s}{subsection.4.1}% 20
\BOOKMARK [3][-]{subsubsection.4.1.3}{\376\377\000A\000p\000p\000l\000i\000c\000a\000t\000i\000o\000n\000\040\000a\000u\000\040\000C\000a\000s\000\040\0001}{subsection.4.1}% 21
\BOOKMARK [2][-]{subsection.4.2}{\376\377\000A\000l\000g\000o\000r\000i\000t\000h\000m\000e\000\040\000E\000s\000p\000\351\000r\000a\000n\000c\000e\000-\000M\000a\000x\000i\000m\000i\000s\000a\000t\000i\000o\000n\000\040\000\050\000E\000M\000\051}{section.4}% 22
\BOOKMARK [3][-]{subsubsection.4.2.1}{\376\377\000L\000o\000g\000-\000v\000r\000a\000i\000s\000e\000m\000b\000l\000a\000n\000c\000e\000\040\000d\000e\000s\000\040\000d\000o\000n\000n\000\351\000e\000s\000\040\000c\000o\000m\000p\000l\000\350\000t\000e\000s}{subsection.4.2}% 23
\BOOKMARK [3][-]{subsubsection.4.2.2}{\376\377\000F\000o\000n\000c\000t\000i\000o\000n\000\040\000a\000u\000x\000i\000l\000i\000a\000i\000r\000e\000\040\000Q}{subsection.4.2}% 24
\BOOKMARK [3][-]{subsubsection.4.2.3}{\376\377\000\311\000t\000a\000p\000e\000\040\000E\000\040\000\050\000E\000s\000p\000\351\000r\000a\000n\000c\000e\000\051}{subsection.4.2}% 25
\BOOKMARK [3][-]{subsubsection.4.2.4}{\376\377\000\311\000t\000a\000p\000e\000\040\000M\000\040\000\050\000M\000a\000x\000i\000m\000i\000s\000a\000t\000i\000o\000n\000\051}{subsection.4.2}% 26
\BOOKMARK [3][-]{subsubsection.4.2.5}{\376\377\000P\000r\000o\000p\000r\000i\000\351\000t\000\351\000s}{subsection.4.2}% 27
\BOOKMARK [2][-]{subsection.4.3}{\376\377\000C\000o\000m\000p\000a\000r\000a\000i\000s\000o\000n\000\040\000d\000e\000s\000\040\000d\000e\000u\000x\000\040\000a\000p\000p\000r\000o\000c\000h\000e\000s}{section.4}% 28
\BOOKMARK [1][-]{section.5}{\376\377\000A\000n\000a\000l\000y\000s\000e\000\040\000d\000e\000\040\000l\000a\000\040\000q\000u\000a\000l\000i\000t\000\351\000\040\000d\000e\000\040\000l\000'\000e\000s\000t\000i\000m\000a\000t\000i\000o\000n}{}% 29
\BOOKMARK [2][-]{subsection.5.1}{\376\377\000R\000e\000t\000o\000u\000r\000\040\000a\000u\000\040\000c\000a\000s\000\040\000g\000\351\000n\000\351\000r\000a\000l\000\040\000a\000v\000e\000c\000\040\000v\000a\000r\000i\000a\000b\000l\000e\000s\000\040\000c\000a\000c\000h\000\351\000e\000s}{section.5}% 30
\BOOKMARK [2][-]{subsection.5.2}{\376\377\000\311\000t\000u\000d\000e\000\040\000n\000u\000m\000\351\000r\000i\000q\000u\000e\000\040\000d\000e\000\040\000e\000p\000s\000i\000l\000o\000n\000n\000\050\000s\000i\000g\000m\000a\000\051}{section.5}% 31
\BOOKMARK [1][-]{section.6}{\376\377\000R\000\351\000g\000u\000l\000a\000r\000i\000s\000a\000t\000i\000o\000n\000\040\000p\000o\000u\000r\000\040\000l\000e\000s\000\040\000p\000r\000o\000b\000l\000\350\000m\000e\000s\000\040\000i\000n\000v\000e\000r\000s\000e\000s\000\040\000m\000a\000l\000\040\000p\000o\000s\000\351\000s}{}% 32
\BOOKMARK [2][-]{subsection.6.1}{\376\377\000V\000r\000a\000i\000s\000e\000m\000b\000l\000a\000n\000c\000e\000\040\000p\000\351\000n\000a\000l\000i\000s\000\351\000e}{section.6}% 33
\BOOKMARK [2][-]{subsection.6.2}{\376\377\000R\000\351\000g\000u\000l\000a\000r\000i\000s\000a\000t\000i\000o\000n\000\040\000d\000e\000\040\000T\000i\000k\000h\000o\000n\000o\000v}{section.6}% 34
\BOOKMARK [2][-]{subsection.6.3}{\376\377\000P\000\351\000n\000a\000l\000i\000t\000\351\000s\000\040\000n\000o\000n\000\040\000q\000u\000a\000d\000r\000a\000t\000i\000q\000u\000e\000s\000\040\000:\000\040\0001\000\040\000e\000t\000\040\000v\000a\000r\000i\000a\000t\000i\000o\000n\000\040\000t\000o\000t\000a\000l\000e}{section.6}% 35
\BOOKMARK [2][-]{subsection.6.4}{\376\377\000I\000n\000t\000e\000r\000p\000r\000\351\000t\000a\000t\000i\000o\000n\000\040\000s\000p\000e\000c\000t\000r\000a\000l\000e}{section.6}% 36
\BOOKMARK [2][-]{subsection.6.5}{\376\377\000C\000h\000o\000i\000x\000\040\000d\000u\000\040\000p\000a\000r\000a\000m\000\350\000t\000r\000e\000\040\000l\000a\000m\000b\000d\000a}{section.6}% 37
\BOOKMARK [2][-]{subsection.6.6}{\376\377\000R\000\351\000s\000u\000l\000t\000a\000t\000s\000\040\000n\000u\000m\000\351\000r\000i\000q\000u\000e\000s}{section.6}% 38
\BOOKMARK [1][-]{section.7}{\376\377\000E\000x\000t\000e\000n\000s\000i\000o\000n\000s}{}% 39
\BOOKMARK [2][-]{subsection.7.1}{\376\377\000C\000a\000s\000\040\0002\000\040\000:\000\040\000r\000o\000t\000a\000t\000i\000o\000n\000s\000\040\000e\000t\000\040\000p\000r\000o\000j\000e\000c\000t\000i\000o\000n\000s\000\040\000e\000n\000\040\0002\000D}{section.7}% 40
\BOOKMARK [2][-]{subsection.7.2}{\376\377\000\311\000t\000u\000d\000e\000\040\000n\000u\000m\000\351\000r\000i\000q\000u\000e\000\040\000:\000\040\000r\000e\000c\000o\000n\000s\000t\000r\000u\000c\000t\000i\000o\000n\000\040\0002\000D\000\040\000o\000r\000a\000c\000l\000e}{section.7}% 41
\BOOKMARK [1][-]{section*.68}{\376\377\000C\000o\000n\000c\000l\000u\000s\000i\000o\000n}{}% 42
